<?xml version="1.0" encoding="UTF-8"?>
<testng-results ignored="0" total="4" passed="4" failed="0" skipped="0">
  <reporter-output>
  </reporter-output>
  <suite started-at="2023-02-17T08:58:53 IST" name="Default suite" finished-at="2023-02-17T08:59:08 IST" duration-ms="14700">
    <groups>
    </groups>
    <test started-at="2023-02-17T08:58:53 IST" name="Default test" finished-at="2023-02-17T08:59:08 IST" duration-ms="14700">
      <class name="com.bridgelabz.qa.Automation.TestNg_Priority">
        <test-method signature="open_Browser()[pri:1, instance:com.bridgelabz.qa.Automation.TestNg_Priority@4229bb3f]" started-at="2023-02-17T08:58:53 IST" name="open_Browser" finished-at="2023-02-17T08:59:00 IST" duration-ms="6972" status="PASS">
          <reporter-output>
          </reporter-output>
        </test-method> <!-- open_Browser -->
        <test-method signature="login_Facebook()[pri:2, instance:com.bridgelabz.qa.Automation.TestNg_Priority@4229bb3f]" started-at="2023-02-17T08:59:00 IST" name="login_Facebook" finished-at="2023-02-17T08:59:01 IST" duration-ms="372" status="PASS">
          <reporter-output>
          </reporter-output>
        </test-method> <!-- login_Facebook -->
        <test-method signature="watch_Notifications()[pri:3, instance:com.bridgelabz.qa.Automation.TestNg_Priority@4229bb3f]" started-at="2023-02-17T08:59:01 IST" name="watch_Notifications" finished-at="2023-02-17T08:59:08 IST" depends-on-methods="com.bridgelabz.qa.Automation.TestNg_Priority.login_Facebook" duration-ms="6814" status="PASS">
          <reporter-output>
          </reporter-output>
        </test-method> <!-- watch_Notifications -->
        <test-method signature="close_Browser()[pri:4, instance:com.bridgelabz.qa.Automation.TestNg_Priority@4229bb3f]" started-at="2023-02-17T08:59:08 IST" name="close_Browser" finished-at="2023-02-17T08:59:08 IST" duration-ms="449" status="PASS">
          <reporter-output>
          </reporter-output>
        </test-method> <!-- close_Browser -->
      </class> <!-- com.bridgelabz.qa.Automation.TestNg_Priority -->
    </test> <!-- Default test -->
  </suite> <!-- Default suite -->
</testng-results>
