<?xml version="1.0" encoding="UTF-8"?>
<!-- Generated by org.testng.reporters.JUnitXMLReporter -->
<testsuite ignored="0" hostname="Mrunal" failures="0" tests="4" name="Default test" time="14.7" errors="0" timestamp="2023-02-17T08:59:08 IST">
  <testcase classname="com.bridgelabz.qa.Automation.TestNg_Priority" name="open_Browser" time="6.972"/>
  <testcase classname="com.bridgelabz.qa.Automation.TestNg_Priority" name="login_Facebook" time="0.372"/>
  <testcase classname="com.bridgelabz.qa.Automation.TestNg_Priority" name="watch_Notifications" time="6.814"/>
  <testcase classname="com.bridgelabz.qa.Automation.TestNg_Priority" name="close_Browser" time="0.449"/>
</testsuite> <!-- Default test -->
